[2024-05-28 00:00:45] INFO root fetch - main [MainThread]: Get Changelog since Serial: [23402783]
[2024-05-28 00:00:50] INFO root fetch - main [MainThread]: Found 5 changed packages
[2024-05-28 00:00:50] INFO root fetch - processPackages [ThreadPoolExecutor-0_0]: Start processing: linearwavetheory
[2024-05-28 00:00:50] INFO root fetch - processPackages [ThreadPoolExecutor-0_1]: Start processing: acrclient
[2024-05-28 00:00:50] INFO root fetch - processPackages [ThreadPoolExecutor-0_2]: Start processing: codal-tsetmc
[2024-05-28 00:00:50] INFO root fetch - processPackages [ThreadPoolExecutor-0_3]: Start processing: class-cache
[2024-05-28 00:00:50] INFO root fetch - processPackages [ThreadPoolExecutor-0_4]: Start processing: lunapi
[2024-05-28 00:00:50] INFO root fetch - processPackages [class-cache]: New version: [0.3.0] Old Version: [0.2.1]
[2024-05-28 00:00:50] INFO root fetch - processPackages [codal-tsetmc]: New version: [0.0.8] Old Version: [0.0.7]
[2024-05-28 00:00:50] INFO root fetch - processPackages [linearwavetheory]: New version: [0.0.9] Old Version: [0.0.8]
[2024-05-28 00:00:50] INFO root fetch - processPackages [lunapi]: New version: [0.0.9] Old Version: [0.0.8]
[2024-05-28 00:00:50] INFO root fetch - processPackages [class-cache]: Downloading https://files.pythonhosted.org/packages/b5/de/7c9d6f8e57459fee5fb47d2bd033ac568ae89115f10a283e1901cc0094f4/class_cache-0.2.1.tar.gz
[2024-05-28 00:00:50] INFO root fetch - processPackages [acrclient]: New version: [0.4.6] Old Version: [0.4.5]
[2024-05-28 00:00:50] INFO root fetch - processPackages [linearwavetheory]: Downloading https://files.pythonhosted.org/packages/dc/a4/85d07412e81d1591c15997e20e4aac0f0b86021112dbf2316d71ba307283/linearwavetheory-0.0.8.tar.gz
[2024-05-28 00:00:50] INFO root fetch - processPackages [codal-tsetmc]: Downloading https://files.pythonhosted.org/packages/b0/5f/de0e10b131066b07b977c76038d181ff4dab9963dda4d6779ac5f9a73b48/codal_tsetmc-0.0.7.tar.gz
[2024-05-28 00:00:50] INFO root fetch - processPackages [acrclient]: Downloading https://files.pythonhosted.org/packages/9c/ce/7f20f5dd17bf2f3b3a483d1433211882ecca899d0e5418a5f6910af192d7/acrclient-0.4.5.tar.gz
[2024-05-28 00:00:50] INFO root fetch - processPackages [lunapi]: Downloading https://files.pythonhosted.org/packages/58/27/544212abf14643afd2d8c9d6627df4324e6b515fa5e96520604374125a37/lunapi-0.0.8-pp39-pypy39_pp73-manylinux_2_17_x86_64.manylinux2014_x86_64.whl
[2024-05-28 00:00:50] INFO root fetch - processPackages [linearwavetheory]: Downloading https://files.pythonhosted.org/packages/7c/1b/1a369f1209dc45a9aad7eaf8d93c489854d70804051f28a1670894a07619/linearwavetheory-0.0.9.tar.gz
[2024-05-28 00:00:51] INFO root fetch - processPackages [codal-tsetmc]: Downloading https://files.pythonhosted.org/packages/d9/c4/267edd26f171e53aad2716c1b19a4a3cee6527999bf2d119dff8de0f061c/codal_tsetmc-0.0.8.tar.gz
[2024-05-28 00:00:51] INFO root fetch - processPackages [linearwavetheory]: executing diffoscope
[2024-05-28 00:00:51] INFO root fetch - processPackages [linearwavetheory]: podman run --user 0:0 --rm -w /home/abi/fetcher -v /home/abi/fetcher/tmp:/home/abi/fetcher/tmp:ro -v /home/abi/fetcher/20240528:/home/abi/fetcher/20240528:rw registry.salsa.debian.org/reproducible-builds/diffoscope --no-progress tmp/linearwavetheory-0.0.8.tar.gz tmp/linearwavetheory-0.0.9.tar.gz --markdown 20240528/l/linearwavetheory/0.0.8-0.0.9/README.md --exclude *.pyd
[2024-05-28 00:00:51] INFO root fetch - processPackages [class-cache]: Downloading https://files.pythonhosted.org/packages/c4/83/f379d9d3893a01d4d271301e987ead84abf793f8ac70180751beb6cac35e/class_cache-0.3.0.tar.gz
[2024-05-28 00:00:51] INFO root fetch - processPackages [codal-tsetmc]: executing diffoscope
[2024-05-28 00:00:51] INFO root fetch - processPackages [codal-tsetmc]: podman run --user 0:0 --rm -w /home/abi/fetcher -v /home/abi/fetcher/tmp:/home/abi/fetcher/tmp:ro -v /home/abi/fetcher/20240528:/home/abi/fetcher/20240528:rw registry.salsa.debian.org/reproducible-builds/diffoscope --no-progress tmp/codal_tsetmc-0.0.7.tar.gz tmp/codal_tsetmc-0.0.8.tar.gz --markdown 20240528/c/codal-tsetmc/0.0.7-0.0.8/README.md --exclude *.pyd
[2024-05-28 00:00:51] INFO root fetch - processPackages [acrclient]: Downloading https://files.pythonhosted.org/packages/46/86/4d56b27be7381eeea7e49c389fc334a4eb5db012eb92c571ff17b0b155c4/acrclient-0.4.6.tar.gz
[2024-05-28 00:00:51] INFO root fetch - processPackages [class-cache]: executing diffoscope
[2024-05-28 00:00:51] INFO root fetch - processPackages [class-cache]: podman run --user 0:0 --rm -w /home/abi/fetcher -v /home/abi/fetcher/tmp:/home/abi/fetcher/tmp:ro -v /home/abi/fetcher/20240528:/home/abi/fetcher/20240528:rw registry.salsa.debian.org/reproducible-builds/diffoscope --no-progress tmp/class_cache-0.2.1.tar.gz tmp/class_cache-0.3.0.tar.gz --markdown 20240528/c/class-cache/0.2.1-0.3.0/README.md --exclude *.pyd
[2024-05-28 00:00:51] INFO root fetch - processPackages [acrclient]: executing diffoscope
[2024-05-28 00:00:51] INFO root fetch - processPackages [acrclient]: podman run --user 0:0 --rm -w /home/abi/fetcher -v /home/abi/fetcher/tmp:/home/abi/fetcher/tmp:ro -v /home/abi/fetcher/20240528:/home/abi/fetcher/20240528:rw registry.salsa.debian.org/reproducible-builds/diffoscope --no-progress tmp/acrclient-0.4.5.tar.gz tmp/acrclient-0.4.6.tar.gz --markdown 20240528/a/acrclient/0.4.5-0.4.6/README.md --exclude *.pyd
[2024-05-28 00:00:51] INFO root fetch - processPackages [linearwavetheory]: Remove: archive file [/home/abi/fetcher/tmp/linearwavetheory-0.0.8.tar.gz]
[2024-05-28 00:00:51] INFO root fetch - processPackages [linearwavetheory]: Remove: archive file [/home/abi/fetcher/tmp/linearwavetheory-0.0.9.tar.gz]
[2024-05-28 00:00:51] INFO root fetch - main [MainThread]: End processing [linearwavetheory]: success
[2024-05-28 00:00:51] INFO root fetch - processPackages [codal-tsetmc]: Remove: archive file [/home/abi/fetcher/tmp/codal_tsetmc-0.0.7.tar.gz]
[2024-05-28 00:00:51] INFO root fetch - processPackages [codal-tsetmc]: Remove: archive file [/home/abi/fetcher/tmp/codal_tsetmc-0.0.8.tar.gz]
[2024-05-28 00:00:51] INFO root fetch - main [MainThread]: End processing [codal-tsetmc]: success
[2024-05-28 00:00:51] INFO root fetch - processPackages [acrclient]: Remove: archive file [/home/abi/fetcher/tmp/acrclient-0.4.5.tar.gz]
[2024-05-28 00:00:51] INFO root fetch - processPackages [acrclient]: Remove: archive file [/home/abi/fetcher/tmp/acrclient-0.4.6.tar.gz]
[2024-05-28 00:00:51] INFO root fetch - main [MainThread]: End processing [acrclient]: success
[2024-05-28 00:00:51] INFO root fetch - processPackages [class-cache]: Remove: archive file [/home/abi/fetcher/tmp/class_cache-0.2.1.tar.gz]
[2024-05-28 00:00:51] INFO root fetch - processPackages [class-cache]: Remove: archive file [/home/abi/fetcher/tmp/class_cache-0.3.0.tar.gz]
[2024-05-28 00:00:51] INFO root fetch - main [MainThread]: End processing [class-cache]: success
[2024-05-28 00:00:52] INFO root fetch - processPackages [lunapi]: Downloading https://files.pythonhosted.org/packages/2d/56/a8fd23c026379206e860f9213f08fff1a07e60a173705eea7a3b09070710/lunapi-0.0.9-pp39-pypy39_pp73-macosx_11_0_arm64.whl
[2024-05-28 00:00:54] INFO root fetch - processPackages [lunapi]: executing diffoscope
[2024-05-28 00:00:54] INFO root fetch - processPackages [lunapi]: podman run --user 0:0 --rm -w /home/abi/fetcher -v /home/abi/fetcher/tmp:/home/abi/fetcher/tmp:ro -v /home/abi/fetcher/20240528:/home/abi/fetcher/20240528:rw registry.salsa.debian.org/reproducible-builds/diffoscope --no-progress tmp/lunapi-0.0.8-pp39-pypy39_pp73-manylinux_2_17_x86_64.manylinux2014_x86_64.whl.zip tmp/lunapi-0.0.9-pp39-pypy39_pp73-macosx_11_0_arm64.whl.zip --markdown 20240528/l/lunapi/0.0.8-0.0.9/README.md --exclude *.pyd
[2024-05-28 00:00:56] INFO root fetch - processPackages [lunapi]: Remove: archive file [/home/abi/fetcher/tmp/lunapi-0.0.8-pp39-pypy39_pp73-manylinux_2_17_x86_64.manylinux2014_x86_64.whl.zip]
[2024-05-28 00:00:56] INFO root fetch - processPackages [lunapi]: Remove: archive file [/home/abi/fetcher/tmp/lunapi-0.0.9-pp39-pypy39_pp73-macosx_11_0_arm64.whl.zip]
[2024-05-28 00:00:56] INFO root fetch - main [MainThread]: End processing [lunapi]: success
[2024-05-28 00:00:56] INFO root fetch - main [MainThread]: Store serial: [23402803]
[2024-05-28 00:02:59] INFO root fetch - main [MainThread]: Get Changelog since Serial: [23402803]
[2024-05-28 00:03:04] INFO root fetch - main [MainThread]: Found 2 changed packages
[2024-05-28 00:03:04] INFO root fetch - processPackages [ThreadPoolExecutor-0_0]: Start processing: cookieplone
[2024-05-28 00:03:04] INFO root fetch - processPackages [ThreadPoolExecutor-0_1]: Start processing: smallgenomeutilities
[2024-05-28 00:03:04] INFO root fetch - processPackages [cookieplone]: New version: [0.7.0] Old Version: [0.6.3]
[2024-05-28 00:03:04] INFO root fetch - processPackages [smallgenomeutilities]: New version: [0.4.1] Old Version: [0.4.0]
[2024-05-28 00:03:04] INFO root fetch - processPackages [cookieplone]: Downloading https://files.pythonhosted.org/packages/96/30/1d696af028fd078e23e562d536f5b7702410af4030c17d8c415c68871726/cookieplone-0.6.3.tar.gz
[2024-05-28 00:03:04] INFO root fetch - processPackages [smallgenomeutilities]: Downloading https://files.pythonhosted.org/packages/1e/77/8ea697034e10e42f1d2b4800063531ceb3599bc3fb9a8b25c94c2c37622b/smallgenomeutilities-0.4.0.tar.gz
[2024-05-28 00:03:04] INFO root fetch - processPackages [cookieplone]: Downloading https://files.pythonhosted.org/packages/72/20/9a1763f36322980223041c953488835847f84d6ef314eb897ce8c717f21e/cookieplone-0.7.0.tar.gz
[2024-05-28 00:03:04] INFO root fetch - processPackages [cookieplone]: executing diffoscope
[2024-05-28 00:03:04] INFO root fetch - processPackages [cookieplone]: podman run --user 0:0 --rm -w /home/abi/fetcher -v /home/abi/fetcher/tmp:/home/abi/fetcher/tmp:ro -v /home/abi/fetcher/20240528:/home/abi/fetcher/20240528:rw registry.salsa.debian.org/reproducible-builds/diffoscope --no-progress tmp/cookieplone-0.6.3.tar.gz tmp/cookieplone-0.7.0.tar.gz --markdown 20240528/c/cookieplone/0.6.3-0.7.0/README.md --exclude *.pyd
[2024-05-28 00:03:05] WARNING root fetch - processPackages [smallgenomeutilities]: Skipping package: exceeds size limit 69288575>=10485760
[2024-05-28 00:03:05] INFO root fetch - main [MainThread]: End processing [smallgenomeutilities] error
[2024-05-28 00:03:05] INFO root fetch - processPackages [cookieplone]: Remove: archive file [/home/abi/fetcher/tmp/cookieplone-0.6.3.tar.gz]
[2024-05-28 00:03:05] INFO root fetch - processPackages [cookieplone]: Remove: archive file [/home/abi/fetcher/tmp/cookieplone-0.7.0.tar.gz]
[2024-05-28 00:03:05] INFO root fetch - main [MainThread]: End processing [cookieplone]: success
[2024-05-28 00:03:05] INFO root fetch - main [MainThread]: Store serial: [23402808]
[2024-05-28 00:05:08] INFO root fetch - main [MainThread]: Get Changelog since Serial: [23402808]
[2024-05-28 00:05:13] INFO root fetch - main [MainThread]: Found 2 changed packages
[2024-05-28 00:05:13] INFO root fetch - processPackages [ThreadPoolExecutor-0_0]: Start processing: itkdb-gtk
[2024-05-28 00:05:13] INFO root fetch - processPackages [ThreadPoolExecutor-0_1]: Start processing: soccerdata
[2024-05-28 00:05:14] INFO root fetch - processPackages [soccerdata]: New version: [1.7.1] Old Version: [1.7.0]
[2024-05-28 00:05:14] INFO root fetch - processPackages [itkdb-gtk]: New version: [0.9.1.dev1] Old Version: [0.9.0]
[2024-05-28 00:05:14] INFO root fetch - processPackages [soccerdata]: Downloading https://files.pythonhosted.org/packages/2f/aa/442f658221b40f481bb929bfc9bbc896b49b79917267b4348474216cd16e/soccerdata-1.7.0.tar.gz
[2024-05-28 00:05:14] INFO root fetch - processPackages [itkdb-gtk]: Downloading https://files.pythonhosted.org/packages/1a/b8/7833d7c1b2daafa9d6f24f8602ffcdba3f8ef0d826aa1c272cabd5e979af/itkdb_gtk-0.9.0.tar.gz
[2024-05-28 00:05:14] INFO root fetch - processPackages [itkdb-gtk]: Downloading https://files.pythonhosted.org/packages/13/a7/03d30164cba13b0c5f9cc41ec7d8e1db06d82f1e660a01ed20eaf8aa0a95/itkdb_gtk-0.9.1.dev1.tar.gz
[2024-05-28 00:05:14] INFO root fetch - processPackages [itkdb-gtk]: executing diffoscope
[2024-05-28 00:05:14] INFO root fetch - processPackages [itkdb-gtk]: podman run --user 0:0 --rm -w /home/abi/fetcher -v /home/abi/fetcher/tmp:/home/abi/fetcher/tmp:ro -v /home/abi/fetcher/20240528:/home/abi/fetcher/20240528:rw registry.salsa.debian.org/reproducible-builds/diffoscope --no-progress tmp/itkdb_gtk-0.9.0.tar.gz tmp/itkdb_gtk-0.9.1.dev1.tar.gz --markdown 20240528/i/itkdb-gtk/0.9.0-0.9.1.dev1/README.md --exclude *.pyd
[2024-05-28 00:05:15] INFO root fetch - processPackages [soccerdata]: Downloading https://files.pythonhosted.org/packages/b6/57/0968b386bd5a991bfbf6bad7938ccdb416fca62c991079f73b9e7067b358/soccerdata-1.7.1.tar.gz
[2024-05-28 00:05:15] INFO root fetch - processPackages [soccerdata]: executing diffoscope
[2024-05-28 00:05:15] INFO root fetch - processPackages [soccerdata]: podman run --user 0:0 --rm -w /home/abi/fetcher -v /home/abi/fetcher/tmp:/home/abi/fetcher/tmp:ro -v /home/abi/fetcher/20240528:/home/abi/fetcher/20240528:rw registry.salsa.debian.org/reproducible-builds/diffoscope --no-progress tmp/soccerdata-1.7.0.tar.gz tmp/soccerdata-1.7.1.tar.gz --markdown 20240528/s/soccerdata/1.7.0-1.7.1/README.md --exclude *.pyd
[2024-05-28 00:05:15] INFO root fetch - processPackages [itkdb-gtk]: Remove: archive file [/home/abi/fetcher/tmp/itkdb_gtk-0.9.0.tar.gz]
[2024-05-28 00:05:15] INFO root fetch - processPackages [itkdb-gtk]: Remove: archive file [/home/abi/fetcher/tmp/itkdb_gtk-0.9.1.dev1.tar.gz]
[2024-05-28 00:05:15] INFO root fetch - main [MainThread]: End processing [itkdb-gtk]: success
[2024-05-28 00:05:15] INFO root fetch - processPackages [soccerdata]: Remove: archive file [/home/abi/fetcher/tmp/soccerdata-1.7.0.tar.gz]
[2024-05-28 00:05:15] INFO root fetch - processPackages [soccerdata]: Remove: archive file [/home/abi/fetcher/tmp/soccerdata-1.7.1.tar.gz]
[2024-05-28 00:05:15] INFO root fetch - main [MainThread]: End processing [soccerdata]: success
[2024-05-28 00:05:15] INFO root fetch - main [MainThread]: Store serial: [23402818]
[2024-05-28 00:07:19] INFO root fetch - main [MainThread]: Get Changelog since Serial: [23402818]
[2024-05-28 00:07:23] INFO root fetch - main [MainThread]: Found 3 changed packages
[2024-05-28 00:07:23] INFO root fetch - processPackages [ThreadPoolExecutor-0_0]: Start processing: roguewave
[2024-05-28 00:07:23] INFO root fetch - processPackages [ThreadPoolExecutor-0_1]: Start processing: deadline
[2024-05-28 00:07:23] INFO root fetch - processPackages [ThreadPoolExecutor-0_2]: Start processing: django-salesforce-agpl
[2024-05-28 00:07:23] INFO root fetch - processPackages [django-salesforce-agpl]: New version: [5.0.2] Old Version: [5.0.1.1]
[2024-05-28 00:07:23] INFO root fetch - processPackages [deadline]: New version: [0.48.3] Old Version: [0.48.2]
[2024-05-28 00:07:23] INFO root fetch - processPackages [roguewave]: New version: [0.2.9] Old Version: [0.2.8]
[2024-05-28 00:07:24] INFO root fetch - processPackages [deadline]: Downloading https://files.pythonhosted.org/packages/db/da/f1eed1a5fc63e0f91f316063ba6eecdfaa6f6b3bedd46043ca5b9c46816f/deadline-0.48.2.tar.gz
[2024-05-28 00:07:24] INFO root fetch - processPackages [django-salesforce-agpl]: Downloading https://files.pythonhosted.org/packages/77/fd/9ea61bc5aa98ce89cc3bac664cfe6a747a84388307be50bbb90b19ce3c44/django-salesforce-agpl-5.0.1.1.tar.gz
[2024-05-28 00:07:24] INFO root fetch - processPackages [roguewave]: Downloading https://files.pythonhosted.org/packages/78/6a/176b0bb0901ea4782efa3a02cffa2564d80dedf95b4ab0ef114673ff33c2/roguewave-0.2.8.tar.gz
[2024-05-28 00:07:24] INFO root fetch - processPackages [deadline]: Downloading https://files.pythonhosted.org/packages/c4/1c/e18b04845d84c36c6619ef4131309545644c2add580d5d10fe8faa2457da/deadline-0.48.3.tar.gz
[2024-05-28 00:07:24] INFO root fetch - processPackages [django-salesforce-agpl]: Downloading https://files.pythonhosted.org/packages/5d/fa/02154d8ac5f2384155dae14e41211f169eb6878f7e610b3623f3922740b0/django-salesforce-agpl-5.0.2.tar.gz
[2024-05-28 00:07:24] INFO root fetch - processPackages [deadline]: executing diffoscope
[2024-05-28 00:07:24] INFO root fetch - processPackages [deadline]: podman run --user 0:0 --rm -w /home/abi/fetcher -v /home/abi/fetcher/tmp:/home/abi/fetcher/tmp:ro -v /home/abi/fetcher/20240528:/home/abi/fetcher/20240528:rw registry.salsa.debian.org/reproducible-builds/diffoscope --no-progress tmp/deadline-0.48.2.tar.gz tmp/deadline-0.48.3.tar.gz --markdown 20240528/d/deadline/0.48.2-0.48.3/README.md --exclude *.pyd
[2024-05-28 00:07:24] INFO root fetch - processPackages [roguewave]: Downloading https://files.pythonhosted.org/packages/10/12/a4fc5463d893cee0b80a7528e4bfbbd704f33bec149787d2ca40d45c2590/roguewave-0.2.9.tar.gz
[2024-05-28 00:07:24] INFO root fetch - processPackages [roguewave]: executing diffoscope
[2024-05-28 00:07:24] INFO root fetch - processPackages [roguewave]: podman run --user 0:0 --rm -w /home/abi/fetcher -v /home/abi/fetcher/tmp:/home/abi/fetcher/tmp:ro -v /home/abi/fetcher/20240528:/home/abi/fetcher/20240528:rw registry.salsa.debian.org/reproducible-builds/diffoscope --no-progress tmp/roguewave-0.2.8.tar.gz tmp/roguewave-0.2.9.tar.gz --markdown 20240528/r/roguewave/0.2.8-0.2.9/README.md --exclude *.pyd
[2024-05-28 00:07:25] INFO root fetch - processPackages [django-salesforce-agpl]: executing diffoscope
[2024-05-28 00:07:25] INFO root fetch - processPackages [django-salesforce-agpl]: podman run --user 0:0 --rm -w /home/abi/fetcher -v /home/abi/fetcher/tmp:/home/abi/fetcher/tmp:ro -v /home/abi/fetcher/20240528:/home/abi/fetcher/20240528:rw registry.salsa.debian.org/reproducible-builds/diffoscope --no-progress tmp/django-salesforce-agpl-5.0.1.1.tar.gz tmp/django-salesforce-agpl-5.0.2.tar.gz --markdown 20240528/d/django-salesforce-agpl/5.0.1.1-5.0.2/README.md --exclude *.pyd
[2024-05-28 00:07:25] INFO root fetch - processPackages [deadline]: Remove: archive file [/home/abi/fetcher/tmp/deadline-0.48.2.tar.gz]
[2024-05-28 00:07:25] INFO root fetch - processPackages [deadline]: Remove: archive file [/home/abi/fetcher/tmp/deadline-0.48.3.tar.gz]
[2024-05-28 00:07:25] INFO root fetch - main [MainThread]: End processing [deadline]: success
[2024-05-28 00:07:25] INFO root fetch - processPackages [roguewave]: Remove: archive file [/home/abi/fetcher/tmp/roguewave-0.2.8.tar.gz]
[2024-05-28 00:07:25] INFO root fetch - processPackages [roguewave]: Remove: archive file [/home/abi/fetcher/tmp/roguewave-0.2.9.tar.gz]
[2024-05-28 00:07:25] INFO root fetch - main [MainThread]: End processing [roguewave]: success
[2024-05-28 00:07:26] INFO root fetch - processPackages [django-salesforce-agpl]: Remove: archive file [/home/abi/fetcher/tmp/django-salesforce-agpl-5.0.1.1.tar.gz]
[2024-05-28 00:07:26] INFO root fetch - processPackages [django-salesforce-agpl]: Remove: archive file [/home/abi/fetcher/tmp/django-salesforce-agpl-5.0.2.tar.gz]
[2024-05-28 00:07:26] INFO root fetch - main [MainThread]: End processing [django-salesforce-agpl]: success
[2024-05-28 00:07:26] INFO root fetch - main [MainThread]: Store serial: [23402830]
[2024-05-28 00:09:29] INFO root fetch - main [MainThread]: Get Changelog since Serial: [23402830]
[2024-05-28 00:09:34] INFO root fetch - main [MainThread]: Found 4 changed packages
[2024-05-28 00:09:34] INFO root fetch - processPackages [ThreadPoolExecutor-0_0]: Start processing: django-salesforce-agpl
[2024-05-28 00:09:34] INFO root fetch - processPackages [ThreadPoolExecutor-0_1]: Start processing: synthetic-home
[2024-05-28 00:09:34] INFO root fetch - processPackages [ThreadPoolExecutor-0_2]: Start processing: django-connectwise
[2024-05-28 00:09:34] INFO root fetch - processPackages [ThreadPoolExecutor-0_3]: Start processing: plenum-dev
[2024-05-28 00:09:35] INFO root fetch - processPackages [django-salesforce-agpl]: New version: [5.0.2] Old Version: [5.0.1.1]
[2024-05-28 00:09:35] INFO root fetch - processPackages [synthetic-home]: New version: [2.4.0] Old Version: [2.3.0]
[2024-05-28 00:09:35] INFO root fetch - processPackages [django-salesforce-agpl]: Downloading https://files.pythonhosted.org/packages/77/fd/9ea61bc5aa98ce89cc3bac664cfe6a747a84388307be50bbb90b19ce3c44/django-salesforce-agpl-5.0.1.1.tar.gz
[2024-05-28 00:09:35] WARNING root fetch - processPackages [plenum-dev]: Skipping, unable to determine old version
[2024-05-28 00:09:35] INFO root fetch - main [MainThread]: End processing [plenum-dev] error
[2024-05-28 00:09:35] INFO root fetch - processPackages [django-connectwise]: New version: [1.5.5] Old Version: [1.5.4]
[2024-05-28 00:09:35] INFO root fetch - processPackages [synthetic-home]: Downloading https://files.pythonhosted.org/packages/7e/41/cddc7780b6f0044253e167ec787ba5d59ec1c9e00253782a271228e88ff0/synthetic_home-2.3.0.tar.gz
[2024-05-28 00:09:35] INFO root fetch - processPackages [django-salesforce-agpl]: Downloading https://files.pythonhosted.org/packages/5d/fa/02154d8ac5f2384155dae14e41211f169eb6878f7e610b3623f3922740b0/django-salesforce-agpl-5.0.2.tar.gz
[2024-05-28 00:09:35] INFO root fetch - processPackages [django-connectwise]: Downloading https://files.pythonhosted.org/packages/59/c1/3b0fe3a5c0f5a9764cc7dc9d40a7733972ca69a655f3ae86385955213289/django-connectwise-1.5.4.tar.gz
[2024-05-28 00:09:35] INFO root fetch - processPackages [django-salesforce-agpl]: executing diffoscope
[2024-05-28 00:09:35] INFO root fetch - processPackages [django-salesforce-agpl]: podman run --user 0:0 --rm -w /home/abi/fetcher -v /home/abi/fetcher/tmp:/home/abi/fetcher/tmp:ro -v /home/abi/fetcher/20240528:/home/abi/fetcher/20240528:rw registry.salsa.debian.org/reproducible-builds/diffoscope --no-progress tmp/django-salesforce-agpl-5.0.1.1.tar.gz tmp/django-salesforce-agpl-5.0.2.tar.gz --markdown 20240528/d/django-salesforce-agpl/5.0.1.1-5.0.2/README.md --exclude *.pyd
[2024-05-28 00:09:35] INFO root fetch - processPackages [synthetic-home]: Downloading https://files.pythonhosted.org/packages/9c/bd/054b022af503174ffcac3ed23ac4f15096ebaaece1806af2a618d00f3b12/synthetic_home-2.4.0.tar.gz
[2024-05-28 00:09:35] INFO root fetch - processPackages [synthetic-home]: executing diffoscope
[2024-05-28 00:09:35] INFO root fetch - processPackages [synthetic-home]: podman run --user 0:0 --rm -w /home/abi/fetcher -v /home/abi/fetcher/tmp:/home/abi/fetcher/tmp:ro -v /home/abi/fetcher/20240528:/home/abi/fetcher/20240528:rw registry.salsa.debian.org/reproducible-builds/diffoscope --no-progress tmp/synthetic_home-2.3.0.tar.gz tmp/synthetic_home-2.4.0.tar.gz --markdown 20240528/s/synthetic-home/2.3.0-2.4.0/README.md --exclude *.pyd
[2024-05-28 00:09:35] INFO root fetch - processPackages [django-connectwise]: Downloading https://files.pythonhosted.org/packages/26/3f/db26a827a4459ba2ce552eaf2cc7dea15a1e934effc8cc904407e9c8fdc5/django-connectwise-1.5.5.tar.gz
[2024-05-28 00:09:35] INFO root fetch - processPackages [django-connectwise]: executing diffoscope
[2024-05-28 00:09:35] INFO root fetch - processPackages [django-connectwise]: podman run --user 0:0 --rm -w /home/abi/fetcher -v /home/abi/fetcher/tmp:/home/abi/fetcher/tmp:ro -v /home/abi/fetcher/20240528:/home/abi/fetcher/20240528:rw registry.salsa.debian.org/reproducible-builds/diffoscope --no-progress tmp/django-connectwise-1.5.4.tar.gz tmp/django-connectwise-1.5.5.tar.gz --markdown 20240528/d/django-connectwise/1.5.4-1.5.5/README.md --exclude *.pyd
[2024-05-28 00:09:36] INFO root fetch - processPackages [synthetic-home]: Remove: archive file [/home/abi/fetcher/tmp/synthetic_home-2.3.0.tar.gz]
[2024-05-28 00:09:36] INFO root fetch - processPackages [synthetic-home]: Remove: archive file [/home/abi/fetcher/tmp/synthetic_home-2.4.0.tar.gz]
[2024-05-28 00:09:36] INFO root fetch - main [MainThread]: End processing [synthetic-home]: success
[2024-05-28 00:09:36] INFO root fetch - processPackages [django-salesforce-agpl]: Remove: archive file [/home/abi/fetcher/tmp/django-salesforce-agpl-5.0.1.1.tar.gz]
[2024-05-28 00:09:36] INFO root fetch - processPackages [django-salesforce-agpl]: Remove: archive file [/home/abi/fetcher/tmp/django-salesforce-agpl-5.0.2.tar.gz]
[2024-05-28 00:09:36] INFO root fetch - main [MainThread]: End processing [django-salesforce-agpl]: success
[2024-05-28 00:09:38] INFO root fetch - processPackages [django-connectwise]: Remove: archive file [/home/abi/fetcher/tmp/django-connectwise-1.5.4.tar.gz]
[2024-05-28 00:09:38] INFO root fetch - processPackages [django-connectwise]: Remove: archive file [/home/abi/fetcher/tmp/django-connectwise-1.5.5.tar.gz]
[2024-05-28 00:09:38] INFO root fetch - main [MainThread]: End processing [django-connectwise]: success
[2024-05-28 00:09:38] INFO root fetch - main [MainThread]: Store serial: [23402842]
[2024-05-28 00:11:42] INFO root fetch - main [MainThread]: Get Changelog since Serial: [23402842]
[2024-05-28 00:11:47] INFO root fetch - main [MainThread]: Found 2 changed packages
[2024-05-28 00:11:47] INFO root fetch - processPackages [ThreadPoolExecutor-0_0]: Start processing: zenaura
[2024-05-28 00:11:47] INFO root fetch - processPackages [ThreadPoolExecutor-0_1]: Start processing: suisa_sendemeldung
[2024-05-28 00:11:47] INFO root fetch - processPackages [zenaura]: New version: [0.9.90] Old Version: [0.9.89]
[2024-05-28 00:11:47] INFO root fetch - processPackages [zenaura]: Downloading https://files.pythonhosted.org/packages/22/e3/70b6676038e9b9a7b6fe26fd2a0e582945e6f697ee5949eb6177e14e98ca/zenaura-0.9.89.tar.gz
[2024-05-28 00:11:47] INFO root fetch - processPackages [suisa_sendemeldung]: New version: [0.9.2] Old Version: [0.9.1]
[2024-05-28 00:11:48] INFO root fetch - processPackages [suisa_sendemeldung]: Downloading https://files.pythonhosted.org/packages/89/7e/f09050729548a8e1531f01639f1d2056a176503efef1ce43f67aaba91efe/suisa_sendemeldung-0.9.1.tar.gz
[2024-05-28 00:11:48] INFO root fetch - processPackages [zenaura]: Downloading https://files.pythonhosted.org/packages/71/40/00a7cf7388f822c60425d326c4a0d7bb5f39072b2aacc218d2f208876bf5/zenaura-0.9.90.tar.gz
[2024-05-28 00:11:48] INFO root fetch - processPackages [zenaura]: executing diffoscope
[2024-05-28 00:11:48] INFO root fetch - processPackages [zenaura]: podman run --user 0:0 --rm -w /home/abi/fetcher -v /home/abi/fetcher/tmp:/home/abi/fetcher/tmp:ro -v /home/abi/fetcher/20240528:/home/abi/fetcher/20240528:rw registry.salsa.debian.org/reproducible-builds/diffoscope --no-progress tmp/zenaura-0.9.89.tar.gz tmp/zenaura-0.9.90.tar.gz --markdown 20240528/z/zenaura/0.9.89-0.9.90/README.md --exclude *.pyd
[2024-05-28 00:11:48] INFO root fetch - processPackages [suisa_sendemeldung]: Downloading https://files.pythonhosted.org/packages/d8/14/384be6dce5ce128664a9ee799f9be43b63883f1e9824f79c8e927f6d9402/suisa_sendemeldung-0.9.2.tar.gz
[2024-05-28 00:11:48] INFO root fetch - processPackages [suisa_sendemeldung]: executing diffoscope
[2024-05-28 00:11:48] INFO root fetch - processPackages [suisa_sendemeldung]: podman run --user 0:0 --rm -w /home/abi/fetcher -v /home/abi/fetcher/tmp:/home/abi/fetcher/tmp:ro -v /home/abi/fetcher/20240528:/home/abi/fetcher/20240528:rw registry.salsa.debian.org/reproducible-builds/diffoscope --no-progress tmp/suisa_sendemeldung-0.9.1.tar.gz tmp/suisa_sendemeldung-0.9.2.tar.gz --markdown 20240528/s/suisa_sendemeldung/0.9.1-0.9.2/README.md --exclude *.pyd
[2024-05-28 00:11:48] INFO root fetch - processPackages [zenaura]: Remove: archive file [/home/abi/fetcher/tmp/zenaura-0.9.89.tar.gz]
[2024-05-28 00:11:48] INFO root fetch - processPackages [zenaura]: Remove: archive file [/home/abi/fetcher/tmp/zenaura-0.9.90.tar.gz]
[2024-05-28 00:11:49] INFO root fetch - main [MainThread]: End processing [zenaura]: success
[2024-05-28 00:11:49] INFO root fetch - processPackages [suisa_sendemeldung]: Remove: archive file [/home/abi/fetcher/tmp/suisa_sendemeldung-0.9.1.tar.gz]
[2024-05-28 00:11:49] INFO root fetch - processPackages [suisa_sendemeldung]: Remove: archive file [/home/abi/fetcher/tmp/suisa_sendemeldung-0.9.2.tar.gz]
[2024-05-28 00:11:49] INFO root fetch - main [MainThread]: End processing [suisa_sendemeldung]: success
[2024-05-28 00:11:49] INFO root fetch - main [MainThread]: Store serial: [23402848]
